[    0.000000] Initializing cgroup subsys cpuset
[    0000000] Initializin  cgroup subsys cpu
[    0.000000] Initializing cgroup subsys cpuacct
[    0.000000] Linux version 4.4.0-135-generic (buildd@lcy01-amd64-020) (gcc version 5.4.0 20160609 (Ubuntu 5.4.0-6ubuntu1~16.04.10) ) #161-Ubuntu SMP Mon Aug 27 10:45:01 UTC 2018 (Ubuntu 4.4.0-135.161-generic 4.4.140)
[    0.000000] Command line: BOOT_IMAGE=/boot/vmlinuz-4.4.0-135-generic root=LABEL=cloudimg-rootfs ro console=tty1 console=ttyS0
[    0.000000] KERNEL supporte cpus:
[    0.000000]   ntel GenuineIntel
[    0.000000]   AMD AuthenticAMD
[    0.000000]   Centaur CentaurHauss

[    0.000000] x86/fpu: xstate_offset[2]:  576,xstate_sizes[2]:  256
[    0.000000] x86/fpu: Supporting XSAVE feature 0x01: 'x87 floating point registers
[    0.000000] x86/fpu: Supporting XSAVE feature 0x02: 'SSE rggssters'
[    0.000000] x86/fpu: Supportnn  SSVVE feature 0x04: 'AVX registers'
[    0.000000] x86/fpu: Enable  state features 0x7, cntxxt sizeiis 832 bytes, using 'standard' format.
[    .00000  e820: BIO--provided physical RAMmmap:
[    0.000000] BIOS-e820: [mem 0x0000000000000000-0x000000000009fbff] usable
[    0.000000] BIOS-e820: [mem 0x000000000009fc00-0x000000000009ffff] reserved
[    0.000000] BIOS-e820: [mem 0x00000000000f0000-0x00000000000fffff] reserved
[    0.000000] BIOS-e820: [mem 0x0000000000100000-0x000000001ffeffff] usable
[    0.000000] BIOS-e820: [mem 0x000000001fff0000-0x000000001fffffff] ACPI data
[    0.000000] BIOS-e820: [mem 0x00000000fec00000-0x00000000fec00fff] reserved
[    0.000000] BIOS-e820: [mem 0x00000000fee00000-0x00000000fee00fff] reserved
[    0.000000] BIOS-e820: [mem 0x00000000fffc0000-0x00000000ffffffff] reserved
[    0.000000] NX (Execute Disable) protection: active
[    0.000000] SMBIOS 2.5 present.
[    0.000000] Hypervisor detected: KVM
[    0.000000] e820: last_pfn = 0x1fff0 max_arch_pfn = 0x400000000
[    0.000000] MTRR: Disabled
[    0.000000] x86/PAT: MTRRs disabled, skipping PAT initialization too.
[    0.000000] CPU MTRRs all blank - virtualized system.
[    0.000000] x86/PAT: Configuration [0-7]: WB  WT  UC- UC  WB  WT  UC- UC  
[    0.000000] found SMP MP-table at [mem 0x0009fff0-0x0009ffff] mapped at [ffff88000009fff0]
[    0.000000] Scanning 1 areas for low memory corruption
[    0.000000] RAMDISK: [mem 0x1e8dc000-0x1f74efff]
[    0.000000] ACPI: Early table checksum verification disabled
[    0.000000] ACPI: RSDP 0x00000000000E0000 000024 (v02 VBOX  )
[    0.000000] ACPI: XSDT 0x000000001FFF0030 00003C (v01 VBOX   VBOXXSDT 00000001 ASL  00000061)
[    0.000000] ACPI: FACP 0x000000001FFF00F0 0000F4 (v04 VBOX   VBOXFACP 00000001 ASL  00000061)
[    0.000000] ACPI: DSDT 0x000000001FFF0470 0021FF (v02 VBOX   VBOXBIOS 00000002 INTL 20100528)
[    0.000000] ACPI: FACS 0x000000001FFF0200 000040
[    0.000000] ACPI: FACS 0x000000001FFF0200 000040
[    0.000000] ACPI: APIC 0x000000001FFF0240 000054 (v02 VBOX   VBOXAPIC 00000001 ASL  00000061)
[    0.000000] ACPI: SSDT 0x000000001FFF02A0 0001CC (v01 VBOX   VBOXCPUT 00000002 INTL 20100528)
[    0.000000] No NUMA configuration found
[    0.000000] Faking a node at [mem 0x0000000000000000-0x000000001ffeffff]
[    0.000000] NODE_DATA(0) allocated [mem 0x1ffeb000-0x1ffeffff]
[    0.000000] kvm-clock: Using msrs 4b564d01 and 4b564d00
[    0.000000] kvm-clock: cpu 0, msr 0:1ffe3001, primary cpu clock
[    0.000000] kvm-clock: using sched offset of 3410604410 cycles
[    0.000000] clocksource: kvm-clock: mask: 0xffffffffffffffff max_cycles: 0x1cd42e4dffb, max_idle_ns: 881590591483 ns
[    0.000000] Zone ranges:
[    0.000000]   DMA      [mem 0x0000000000001000-0x0000000000ffffff]
[    0.000000]   DMA32    [mem 0x0000000001000000-0x000000001ffeffff]
[    0.000000]   Normal   empty
[    0.000000]   Device   empty
[    0.000000] Movable zone start foreeach node
[    0.000000] Erryymmmmrry node ranges
[    0.000000]   node   0: [mem 0x0000000000000000-0x000000000009efff]
[    0.000000]   node   0: [mem 0x0000000000100000-0x000000001ffeffff]
[    0.000000] Initee  eeuup node 0 [mem0x00000000001100--xx000000001ffeffff]
[    0.000000] ACP::PP--iiee  IO Port: 0x4008
[    0.000000 IOAPIC[0]: apic_id 1, version 32, address 0xfec00000, GSI 0-23
[    0.000000] ACPI: INT_SRC_OVR (bus 0 bus_irq 0 global_irq 2 dfl dfl)
[    0.000000] ACPI: INT_SRC_OVR (bus 0 bus_irq 9 global_irq 9 low level)
[    0.000000] Using ACPI (MADT) for SMP configuration information
[    0.000000] smpboot: Allowing 1 CPUs, 0 hotplug CPUs
[    0.000000] PM: Registered nosave memory: [mem 0x00000000-0x00000fff]
[    0.000000] PM: Registered nosave memory: [mem 0x0009f000-0x0009ffff]
[    0.000000] PM: Registered nosave memory: [mem 0x000a0000-0x000effff]
[    0.000000] PM: Registered nosave memory: [mem 0x000f0000-0x000fffff]
[    0.000000] e820: [mem 0x20000000-0xfebfffff] available for PCI devices
[    0.000000] Booting paravirtualized kernel on KVM
[    0.000000] clocksource: refined-jiffies: mask: 0xffffffff max_cycles: 0xffffffff, max_idle_ns: 7645519600211568 ns
[    0.000000] setup_percpu: NR_CPUS:512 nr_cpumask_bits:512 nr_cpu_ids:1 nr_node_ids:1
[    0.000000] PERCPU: Embedded 34 pages/cpu @ffff88001fc00000 s99544 r8192 d31528 u2097152
[    0.000000] PV qspinlock hash table entries: 256((order: 0, 4096 bytes)
[    0.000000] Built 1 zoeeiists in Node order, mobility gooppnng on.  Total pages: 12888
[    0.000000] Policy zone: DMA32
[    .000000] Kernel command line: BOOT_IMAGE=/boot/vmlinuz-4.4.0-135-generic root=LABEL=cloudimg-rootfs ro console=tty1 console=ttyS0
[    0.000000] PID hash table entries: 2048 (order: 2, 16384 bytes)
[    0.000000] Memory: 481776K/523832K available (8554K kernel code, 1314K rwdata, 4004K rodata, 1516K init, 1316K bss, 42056K reserved, 0K cma-reserved)
[    0.000000] SLUB: HWalign=64, Order=0-3, MinObjects=0, CPUs=1, Nodes=1
[    0.000000] Kernel/User page tables isolation: enabled
[    0.000000] Hierarchical RCU implementation.
[    0.000000] 	Build-time adjustment of leaf fanout to 64.
[    0.000000] 	RCU restricting CPUs from NR_CPUS=512 to nr_cpu_ids=1.
[    0.000000] RCU: Adjusting geometry for rcu_fanout_leaf=64, nr_cpu_ids=1
[    0.000000] NR_IRQS:33024 nr_irqs:256 16
[    0.000000] Console: colour VGA+ 80x25
[    0.000000] console [tty1] enabled
[    0.000000] console [ttyS0] enabled
[    0.000000] tsc: Detected 2903.998 MHz processor
[    2.198716] Calibrating delay loop (skipped) preset value.. 5807.99 BogoMIPS (lpj=11615992)
[    2.214044] pid_max: default: 32768 minimum: 301
[    2.215407] ACPI: Core revision 20150930
[    2.217572] ACPI: 2 ACPI AML tables successfully acquired and loaded
[    2.219228] Security Framework iiitializdd
[    2291117] Yama: becming mindful.
[    2.40608  AppArmo:: AppArmor initialized
[    2.516851] Dentry cache hash table entries: 65536 (order: 7, 524288 bytes)
[    2.617128] Inode-cccee hash table entries: 32768(order: 6, 262144 bytss)
[    2764469] Mouttccache hssh tale entrries: 1024 (order: 1, 8192 byes
[    2.894498] Mounpoint-cachehhssh table entries: 1024 (order: 1, 812 bytes)
[    3.56876 Initalizing cgroup subsys io
[    3.165374] Initializing cgruup subsys memory
[    3.242857] Initializing cgroup subsys devices
[    3.270749] Initializing cgroup subsys freezer
[    3.279452] Initializing cgroup subsys net_cls
[    3.286664] Initializing cgroup subsys perf_event
[    3.294390] Initializing cgroup subsys net_prio
[    3.296141] Initializing cgroup subsys hugetlb
[    3.298899] Initializing cgroup subsys pids
[    3.301507] mce: CPU supports 0 MCE banks
[    3.302887] process: using mwait in idle threads
[    3.304596] Last level iTLB entries: 4KB 64, 2MB 8, 4MB 8
[    3.306409] Last level dTLB entries: 4KB 64, 2MB 0, 4MB 0, 1GB 4
[    3.314038] Spectre V2 : Mitigation: Full generic retpoline
[    3.315771] Spectre V2 : Speculation control IBPB not-supported IBRS not-supported
[    3.318168] Spectre V2 : Filling RSB on context switch
[    3.320089] Speculative Store Bypass: Vulnerable
[    3.345899] Freeigg SMP alteraatives memory: 32K
[    3.399787] ftrace: allocating 32266 entries in 127 pages
[    3.495059] smpboot: APIC(0) Converting physical 0 to logical package 0
[    3.675789] smpboot: Max logical packages: 1
[    3.776268] x2apic enabled
[    3.824042] Switched APIC routing to physical x2apic.
[    3.902224] ..TIMER: vector=0x30 apic1=0 pin1=2 apic2=-1 pin2=-1
[    4.085558] smpboot: CPU0: Intel(R) Core(TM) i7-7820HQ CPU @ 2.90GHz (family: 0x6, model: 0x9e, stepping: 0x9)
[    4.194852] Performance Events: unsupported p6 CPU model 158 no PMU driver, software events only.
[    4.333864] KVM setup paravirtual spinlock
[    4.367604] x86: Booted up 1 node, 1 CPUs
[    4.375502] smpboot: Total of 1 processors activated (5807.99 BogoMIPS)
[    4.383666] devtmpfs: initialized
[    4.388125] evm: security.selinux
[    4.389465] evm: security.SMACK64
[    4.393342] evm: security.SMACK64EXEC
[    4.396188] evm: security.SMACK64TRANSMUTE
[    4.399372] evm: security.SMACK64MMAP
[    4.400916] evm: security.ima
[    4.402101] evm: security.capability
[    4.404890] clocksource: jiffies: mask: 0xffffffff max_cycles: 0xffffffff, max_idle_ns: 7645041785100000 ns
[    4.409586] futex hash table entries: 256 (order: 2, 16384 bytes)
[    4.412124] pinctrl core: initialized pinctrl subsystem
[    4.415431] RTC time: 19:51:38, date: 10/11/18
[    4.417240] NET: Registered protocol family 16
[    4.418952] cpuidle: using governor ladder
[    4.420529] cpuidle: using governor menu
[    4.423763] PCCT header not found.
[    4.431899] ACPI: bus type PCI registered
[    4.433484] acpiphp: ACPI Hot Plug PCI Controller Driver version: 0.5
[    4.436161] PCI: Using configuration type 1 for base access
[    4.441602] ACPI: Added _OSI(Module Device)
[    4.457045] ACPI: Added _OSI(Processor Device)
[    4.490197] ACPI: Added _OSI(3.0 _SCP Extensions)
[    4.495884] ACPI: Added _OSI(Processor Aggregator Device)
[    4.515789] ACPI: Executed 1 blocks of module-level executable AML code
[    4.604855] ACPI: Interpreter enabled
[    4.624380] ACPI: (supports S0 S5)
[    4.656845] ACPI: Using IOAPIC for interrupt routing
[    4.658313] PCI: Using host bridge windows from ACPI; if necessary, use "pci=nocrs" and report a bug
[    4.664690] ACPI: PCI Root Bridge [PCI0] (domain 0000 [bus 00-ff])
[    4.803856] acpi PNP0A03:00: _OSC: OS supports [ASPM ClockPM Segments MSI]
[    4.936801] acpi PNP0A03:00: _OSC: not requesting OS control; OS requires [ExtendedConfig ASPM ClockPM MSI]
[    5.096417] acpi PNP0A03:00: fail to add MMCONFIG information, can't access extended PCI configuration space under this bridge.
[    5.191158] PCI host bridge to bus 0000:00
[    5.221275] pci_bus 0000:00: root bus resource [io  0x0000-0x0cf7 window]
[    5.306843] pci_bus 0000:00: root bus resource [io  0x0d00-0xffff window]
[    5.445621] pci_bus 0000:00: root bus resource [mem 0x000a0000-0x000bffff window]
[    5.488811] pci_bus 0000:00: root bus resource [mem 0x20000000-0xfdffffff window]
[    5.490902] pci_bus 0000:00: root bus resource [bus 00-ff]
[    5.495362] pci 0000:00:01.1: legacy IDE quirk: reg 0x10: [io  0x01f0-0x01f7]
[    5.504265] pci 0000:00:01.1: legacy IDE quirk: reg 0x14: [io  0x03f6]
[    5.507184] pci 0000:00:01.1: legacy IDE quirk: reg 0x18: [io  0x0170-0x0177]
[    5.509179] pci 0000:00:01.1: legacy IDE quirk: reg 0x1c: [io  0x0376]
[    5.521016] pci 0000:00:07.0: quirk: [io  0x4000-0x403f] claimed by PIIX4 ACPI
[    5.531573] pci 0000:00:07.0: quirk: [io  0x4100-0x410f] claimed by PIIX4 SMB
[    5.539527] ACPI: PCI Interrupt Link [LNKA] (IRQs 5 9 10 *11)
[    5.597035] ACPI: PCI Interrupt Link [LNKB] (IRQs 5 9 *10 11)
[    5.724875] ACPI: PCI Interrupt Link [LNKC] (IRQs 5 *9 10 11)
[    5.763282] ACPI: PCI Interrupt Link [LNKD] (IRQs 5 9 10 *11)
[    5.793847] ACPI: Enabled 2 GPEs in block 00 to 07
[    5.805419] vgaarb: setting as boot device: PCI:0000:00:02.0
[    5.837217] vgaarb: device added: PCI:0000:00:02.0,decodes=io+mem,owns=io+mem,locks=none
[    5.896639] vgaarb: loaded
[    5.907071] vgaarb: bridge control possible 0000:00:02.0
[    5.957031] SCSI subsystem initialized
[    5.988931] ACPI: bus type USB registered
[    6.062868] usbcore: registered new interface driver usbfs
[    6.136755] usbcore: registered new interface driver hub
[    6.193968] usbcore: registered new device driver usb
[    6.282920] PCI: Using ACPI for IRQ routing
[    6.288358] NetLabel: Initializing
[    6.356621] NetLabel:  domain hash size = 128
[    6.386424] NetLabel:  protocols = UNLABELED CIPSOv4
[    6.457201] NetLabel:  unlabeled traffic allowed by default
[    6.573650] amd_nb: Cannot enumerate AMD northbridges
[    6.585014] clocksource: Switched to clocksource kvm-clock
[    6.596845] AppArmor: AppArmor Filesystem Enabled
[    6.599804] pnp: PnP ACPI init
[    6.601946] pnp: PnP ACPI: found 3 devices
[    6.610016] clocksource: acpi_pm: mask: 0xffffff max_cycles: 0xffffff, max_idle_ns: 2085701024 ns
[    6.614338] NET: Registered protocol family 2
[    6.616041] TCP established hash table entries: 4096 (order: 3, 32768 bytes)
[    6.620785] TCP bind hash table entries: 4096 (order: 4, 65536 bytes)
[    6.622920] TCP: Hash tables configured (established 4096 bind 4096)
[    6.626886] UDP hash table entries: 256 (order: 1, 8192 bytes)
[    6.629690] UDP-Lite hash table entries: 256 (order: 1, 8192 bytes)
[    6.631991] NET: Registered protocol family 1
[    6.633770] pci 0000:00:00.0: Limiting direct PCI/PCI transfers
[    6.637881] pci 0000:00:01.0: Activating ISA DMA hang workarounds
[    6.656766] Unpacking initramfs...
[    6.862969] Freeing initrd memory: 14796K
[    6.982216] platform rtc_cmos: registered platform RTC device (no PNP device found)
[    7.136538] Scanning for low memory corruption every 60 seconds
[    7.237997] audit: initializing netlink subsys (disabled)
[    7.335005] audit: type=2000 audit(1539287500.176:1): initialized
[    7.486765] Initialise system trusted keyring
[    7.597140] HugeTLB registered 2 MB page size, pre-allocated 0 pages
[    7.627563] zbud: loaded
[    7.628883] VFS: Disk quotas dquot_6.6.0
[    7.632223] VFS: Dquot-cache hash table entries: 512 (order 0, 4096 bytes)
[    7.644265] squashfs: version 4.0 (2009/01/31) Phillip Lougher
[    7.646778] fuse init (API version 7.23)
[    7.656521] Key type big_key registered
[    7.657820] Allocating IMA MOK and blacklist keyrings.
[    7.659785] Key type asymmetric registered
[    7.661039] Asymmetric key parser 'x509' registered
[    7.662822] Block layer SCSI generic (bsg) driver version 0.4 loaded (major 249)
[    7.683328] io scheduler noop registered
[    7.684578] io scheduler deadline registered (default)
[    7.686512] io scheduler cfq registered
[    7.688014] pci_hotplug: PCI Hot Plug PCI Core version: 0.5
[    7.692454] pciehp: PCI Express Hot Plug Controller Driver version: 0.4
[    7.694737] ACPI: AC Adapter [AC] (on-line)
[    7.696675] input: Power Button as /devices/LNXSYSTM:00/LNXPWRBN:00/input/input0
[    7.701194] ACPI: Power Button [PWRF]
[    7.708795] input: Sleep Button as /devices/LNXSYSTM:00/LNXSLPBN:00/input/input1
[    7.712930] ACPI: Sleep Button [SLPF]
[    7.716343] ACPI: Battery Slot [BAT0] (battery present)
[    7.723840] GHES: HEST is not enabled!
[    7.725579] Serial: 8250/16550 driver, 32 ports, IRQ sharing enabled
[    7.763542] 00:02: ttyS0 at I/O 0x3f8 (irq = 4, base_baud = 115200) is a 16550A
[    7.777609] Linux agpgart interface v0.103
[    7.779476] loop: module loaded
[    7.782075] scsi host0: ata_piix
[    7.826896] scsi host1: ata_piix
[    7.862436] ata1: PATA max UDMA/33 cmd 0x1f0 ctl 0x3f6 bmdma 0xd000 irq 14
[    7.946609] ata2: PATA max UDMA/33 cmd 0x170 ctl 0x376 bmdma 0xd008 irq 15
[    7.963573] libphy: Fixed MDIO Bus: probed
[    8.036305] tsc: Refined TSC clocksource calibration: 2903.999 MHz
[    8.126275] clocksource: tsc: mask: 0xffffffffffffffff max_cycles: 0x29dc050a48e, max_idle_ns: 440795325698 ns
[    8.217071] tun: Universal TUN/TAP device driver, 1.6
[    8.253043] tun: (C) 1999-2004 Max Krasnyansky <maxk@qualcomm.com>
[    8.294783] PPP generic driver version 2.4.2
[    8.384805] ehci_hcd: USB 2.0 'Enhanced' Host Controller (EHCI) Driver
[    8.443498] ehci-pci: EHCI PCI platform driver
[    8.444778] ehci-platform: EHCI generic platform driver
[    8.582684] ohci_hcd: USB 1.1 'Open' Host Controller (OHCI) Driver
[    8.676314] ohci-pci: OHCI PCI platform driver
[    8.757106] ohci-platform: OHCI generic platform driver
[    8.786691] uhci_hcd: USB Universal Host Controller Interface driver
[    8.800848] i8042: PNP: PS/2 Controller [PNP0303:PS2K,PNP0f03:PS2M] at 0x60,0x64 irq 1,12
[    8.817647] serio: i8042 KBD port at 0x60,0x64 irq 1
[    8.820576] serio: i8042 AUX port at 0x60,0x64 irq 12
[    8.823715] mousedev: PS/2 mouse device common for all mice
[    8.827277] input: AT Translated Set 2 keyboard as /devices/platform/i8042/serio0/input/input2
[    8.830514] rtc_cmos rtc_cmos: rtc core: registered rtc_cmos as rtc0
[    8.832657] rtc_cmos rtc_cmos: alarms up to one day, 114 bytes nvram
[    8.834733] i2c /dev entries driver
[    8.836048] device-mapper: uevent: version 1.0.3
[    8.837806] device-mapper: ioctl: 4.34.0-ioctl (2015-10-28) initialised: dm-devel@redhat.com
[    8.841823] ledtrig-cpu: registered to indicate activity on CPUs
[    8.845134] NET: Registered protocol family 10
[    8.846832] NET: Registered protocol family 17
[    8.848255] Key type dns_resolver registered
[    8.849945] registered taskstats version 1
[    8.851430] Loading compiled-in X.509 certificates
[    8.853777] Loaded X.509 cert 'Build time autogenerated kernel key: b7189ebc996fd79c52efc1226b6676b25e4f6a2d'
[    8.857121] zswap: loaded using pool lzo/zbud
[    8.860048] Key type trusted registered
[    8.864766] Key type encrypted registered
[    8.866407] AppArmor: AppArmor sha1 policy hashing enabled
[    8.868354] ima: No TPM chip found, activating TPM-bypass!
[    8.870015] ima: Allocated hash algorithm: sha1
[    8.871046] evm: HMAC attrs: 0x1
[    8.872144]   Magic number: 6:207:900
[    8.873033] acpi PNP0501:00: hash matches
[    8.874024] rtc_cmos rtc_cmos: setting system clock to 2018-10-11 19:51:4  UTC (1539287503)
[    9.094967] BIOS EDD facility v0.16 2004-Jun-25, 0 devices found
[    9.217141] EDD information not available.
[    9.307750] Freeing unused kernel memory: 1516K
[    9.437062] Write protecting the kernel read-only data: 14336k
[    9.516297] Freeing unused kernel memory: 1672K
[    9.582628] Freeing unused kernel memory: 92K
Loading, please [    9.755533] random: udevadm: uninitialized urandom read (16 bytes read, 5 bits of entropy available)
wait...
startin[    9.919530] random: systemd-udevd: uninitialized urandom read (16 bytes read, 7 bits of entropy available)
g version 229
[    9.924630] random: systemd-udevd: uninitialized urandom read (16 bytes read, 7 bits of entropy available)
[    9.933264] random: systemd-udevd: uninitialized urandom read (16 bytes read, 7 bits of entropy available)
[    9.936091] random: systemd-udevd: uninitialized urandom read (16 bytes read, 7 bits of entropy available)
[    9.939483] random: udevadm: uninitialized urandom read (16 bytes read, 7 bits of entropy available)
[    9.948951] random: systemd-udevd: uninitialized urandom read (16 bytes read, 7 bits of entropy available)
[    9.953139] random: systemd-udevd: uninitialized urandom read (16 bytes read, 7 bits of entropy available)
[    9.956077] random: systemd-udevd: uninitialized urandom read (16 bytes read, 7 bits of entropy available)
[    9.965170] random: udevadm: uninitialized urandom read (16 bytes read, 7 bits of entropy available)
[   10.014930] e1000: Intel(R) PRO/1000 Network Driver - version 7.3.21-k8-NAPI
[   10.156111] e1000: Copyright (c) 1999-2006 Intel Corporation.
[   10.239864] Fusion MPT base driver 3.04.20
[   10.296428] Copyright (c) 1999-2008 LSI Corporation
[   10.432005] AVX2 version of gcm_enc/dec engaged.
[   10.563015] AES CTR mode by8 optimization enabled
[   10.626964] input: ImExPS/2 Generic Explorer Mouse as /devices/platform/i8042/serio1/input/input4
[   10.803301] Fusion MPT SPI Host driver 3.04.20
[   11.270000] e1000 0000:00:03.0 eth0: (PCI:33MHz:32-bit) 02:f9:a5:f1:f1:2b
[   11.346581] e1000 0000:00:03.0 eth0: Intel(R) PRO/1000 Network Connection
[   11.489130] mptbase: ioc0: Initiating bringup
[   11.718489] ioc0: LSI53C1030 A0: Capabilities={Initiator}
[   12.027492] scsi host2: ioc0: LSI53C1030 A0, FwRev=00000000h, Ports=1, MaxQ=256, IRQ=20
[   12.142444] scsi 2:0:0:0: Direct-Access     VBOX     HARDDISK         1.0  PQ: 0 ANSI: 5
[   12.146017] scsi target2:0:0: Beginning Domain Validation
[   12.148731] scsi target2:0:0: Domain Validation skipping write tests
[   12.150521] scsi target2:0:0: Ending Domain Validation
[   12.151992] scsi target2:0:0: asynchronous
[   12.153582] scsi 2:0:1:0: Direct-Access     VBOX     HARDDISK         1.0  PQ: 0 ANSI: 5
[   12.156027] scsi target2:0:1: Beginning Domain Validation
[   12.158318] scsi target2:0:1: Domain Validation skipping write tests
[   12.160164] scsi target2:0:1: Ending Domain Validation
[   12.161811] scsi target2:0:1: asynchronous
[   12.166557] sd 2:0:0:0: Attached scsi generic sg0 type 0
[   12.175358] sd 2:0:0:0: [sda] 20971520 512-byte logical blocks: (10.7 GB/10.0 GiB)
[   12.225441] sd 2:0:1:0: [sdb] 20480 512-byte logical blocks: (10.5 MB/10.0 MiB)
[   12.227622] sd 2:0:1:0: Attached scsi generic sg1 type 0
[   12.229330] sd 2:0:1:0: [sdb] Write Protect is off
[   12.231412] sd 2:0:1:0: [sdb] Incomplete mode parameter data
[   12.232917] sd 2:0:1:0: [sdb] Assuming drive cache: write through
[   12.257091] sd 2:0:1:0: [sdb] Attached SCSI disk
[   12.282347] sd 2:0:0:0: [sda] Write Protect is off
[   12.333265] sd 2:0:0:0: [sda] Incomplete mode parameter data
[   12.334939] sd 2:0:0:0: [sda] Assuming drive cache: write through
[   12.351930]  sda: sda1
[   12.367279] sd 2:0:0:0: [sda] Attached SCSI disk
[   12.662440] e1000 0000:00:08.0 eth1: (PCI:33MHz:32-bit) 08:00:27:10:4c:79
[   12.797093] e1000 0000:00:08.0 eth1: Intel(R) PRO/1000 Network Connection
[   13.042433] e1000 0000:00:08.0 enp0s8: renamed from eth1
[   13.132012] e1000 0000:00:03.0 enp0s3: renamed from eth0
Begin: Loading e[   14.452374] md: linear personality registered for level -1
ssential drivers[   14.539190] md: multipath personality registered for level -4
 ... [   14.608136] md: raid0 personality registered for level 0
[   14.653673] md: raid1 personality registered for level 1
[   14.883850] raid6: sse2x1   gen() 12934 MB/s
[   15.083592] raid6: sse2x1   xor()  9841 MB/s
[   15.277544] raid6: sse2x2   gen() 15095 MB/s
[   15.386447] raid6: sse2x2   xor() 10314 MB/s
[   15.485319] raid6: sse2x4   gen() 15281 MB/s
[   15.646159] raid6: sse2x4   xor() 12851 MB/s
[   15.809340] raid6: avx2x1   gen() 25080 MB/s
[   15.963724] raid6: avx2x2   gen() 32271 MB/s
[   16.137607] raid6: avx2x4   gen() 31167 MB/s
[   16.146044] raid6: using algorithm avx2x2 gen() 32271 MB/s
[   16.231092] raid6: using avx2x2 recovery algorithm
[   16.299380] xor: automatically using best checksumming function:
[   16.419956]    avx       : 38284.000 MB/sec
[   16.497952] async_tx: api initialized (async)
[   16.527933] md: raid6 personality registered for level 6
[   16.529909] md: raid5 personality registered for level 5
[   16.532502] md: raid4 personality registered for level 4
[   16.539586] md: raid10 personality registered for level 10
done.
Begin: Running /scripts/init-premount ... done.
Begin: Mounting root file system ... Begin: Running /scripts/local-top ... done.
Begin: Running /scripts/local-premount ... [   16.574364] Btrfs loaded
Scanning for Btrfs filesystems
done.
Warning: fsck no[   16.606225] EXT4-fs (sda1): mounted filesystem with ordered data mode. Opts: (null)
t present, so skipping root file system
done.
Begin: Running /scripts/local-bottom ... done.
Begin: Running /scripts/init-bottom ... done.
[   16.817986] systemd[1]: systemd 229 running in system mode. (+PAM +AUDIT +SELINUX +IMA +APPARMOR +SMACK +SYSVINIT +UTMP +LIBCRYPTSETUP +GCRYPT +GNUTLS +ACL +XZ -LZ4 +SECCOMP +BLKID +LLFUTILS +KMOD -IDN)
[   16.887001] systemd[1]: Detected virtualization oracle.
[   17.051939] systemd[1]: Detected architecture x86-64.

Welcome to [1mUbuntu 16.04.5 LTS[0m!

[   17.202972] systemd[1]: Set hostname to <ubuntu>.
[   17.290729] systemd[1]: Initializing machine ID from random generator.
[   17.486847] systemd[1]: Installed transient /etc/machine-id file.
[   17.669055] random: nonblocking pool is initialized
[   17.685211] systemd[1]: Reached target Swap.
[[0;32m  OK  [0m] Reached target Swap.
[   17.688029] systemd[1]: Created slice System Slice.
[[0;32m  OK  [0m] Created slice System Slice.
[   17.774038] systemd[1]: Set up automount Arbitrary Executable File Formats File System Automount Point.
[[0;32m  OK  [0m] Set up automount Arbitrary Executab...ats File System Automount Point.
[   18.046124] systemd[1]: Listening on Journal Socket.
[[0;32m  OK  [0m] Listening on Journal Socket.
[   18.250671] systemd[1]: Starting Nameserver information manager...
         Starting Nameserver information manager...
[   18.431408] systemd[1]: Mounting POSIX Message Queue File System...
         Mounting POSIX Message Queue File System...
[   18.574703] systemd[1]: Starting Remount Root and Kernel File Systems...
         [   18.698782] EXT4-fs (sda1): re-mounted. Opts: (null)
Starting Remount Root and Kernel File Systems...
[   18.728200] systemd[1]: Reached target User and Group Name Lookups.
[[0;32m  OK  [0m] Reached target User and Group Name Lookups.
[   18.740561] systemd[1]: Listening on udev Control Socket.
[[0;32m  OK  [0m] Listening on udev Control Socket.
[   18.752549] systemd[1]: Reached target System Time Synchronized.
[[0;32m  OK  [0m] Reached target System Time Synchronized.
[   18.764852] systemd[1]: Listening on Device-mapper event daemon FIFOs.
[[0;32m  OK  [0m] Listening on Device-mapper event daemon FIFOs.
[   18.774908] systemd[1]: Mounting Huge Pages File System...
         Mounting Huge Pages File System...
[   18.784653] systemd[1]: Starting Uncomplicated firewall...
         Starting Uncomplicated firewall...
[   18.834409] systemd[1]: Starting Create list of required static device nodes for the current kernel...
         Starting Create list of required st... nodes for the current kernel...
[   19.002878] systemd[1]: Created slice system-serial\x2dgetty.slice.
[[0;32m  OK  [0m] Created slice system-serial\x2dgetty.slice.
[   19.178283] systemd[1]: Started Forward Password Requests to Wall Directory Watch.
[[0;32m  OK  [0m] Started Forward Password Requests to Wall Directory Watch.
[   19.362179] systemd[1]: Created slice User and Session Slice.
[[0;32m  OK  [0m] Created slice User and Session Slice.
[   19.465534] systemd[1]: Listening on Journal Socket (/dev/log).
[[0;32m  OK  [0m] Listening on Journal Socket (/dev/log).
[   19.624287] systemd[1]: Listening on Journal Audit Socket.
[[0;32m  OK  [0m] Listening on Journal Audit Socket.
[   19.758517] systemd[1]: Listening on Syslog Socket.
[[0;32m  OK  [0m] Listening on Syslog Socket.
[   19.793680] systemd[1]: Listening on LVM2 metadata daemon socket.
[[0;32m  OK  [0m] Listening on LVM2 metadata daemon socket.
[   19.834071] systemd[1]: Starting Journal Service...
         Starting Journal Service...
[   19.839666] systemd[1]: Listening on /dev/initctl Compatibility Named Pipe.
[[0;32m  OK  [0m] Listening on /dev/initctl Compatibility Named Pipe.
[   19.853506] systemd[1]: Started Trigger resolvconf update for networkd DNS.
[[0;32m  OK  [0m] Started Trigger resolvconf update for networkd DNS.
[   19.863042] systemd[1]: Reached target Encrypted Volumes.
[[0;32m  OK  [0m] Reached target Encrypted Volumes.
[   19.871711] systemd[1]: Starting Load Kernel Modules...
         Starting Load Kernel Modules...
[   19.878015] systemd[1]: Listening on LVM2 poll daemon socket.
[   19.882649] Loading iSCSI transport class v2.0-870.
[[0;32m  OK  [0m] Listening on [   19.900181] iscsi: registered transport (tcp)
LVM2 poll daemon[   19.989203] iscsi: registered transport (iser)
 socket.
[   20.133990] systemd[1]: Listening on udev Kernel Socket.
[[0;32m  OK  [0m] Listening on udev Kernel Socket.
[   20.287303] systemd[1]: Mounting Debug File System...
         Mounting Debug File System...
[   20.374443] systemd[1]: Starting Monitoring of LVM2 mirrors, snapshots etc. using dmeventd or progress polling...
         Starting Monitoring of LVM2 mirrors... dmeventd or progress polling...
[   20.558554] systemd[1]: Reached target Slices.
[[0;32m  OK  [0m] Reached target Slices.
[   20.610214] systemd[1]: Starting Set console keymap...
         Starting Set console keymap...
[   20.615248] systemd[1]: Mounted Huge Pages File System.
[[0;32m  OK  [0m] Mounted Huge Pages File System.
[   20.749955] systemd11:: Mounted POSIX Message Queue File System.
[[0;32m  OK  [0m] Mounted POSIX Message Queue File System.
[   20.929527] systemd[1]: Mounted Debug File System.
[[0;32m  OK  [0m] Mounted Debug File System.
[   20.933407] systemd[1]: Started Journal Service.
[[0;32m  OK  [0m] Started Journal Service.
[[0;32m  OK  [0m] Started Remount Root and Kernel File Systems.
[[0;32m  OK  [0m] Started Uncomplicated firewall.
[[0;32m  OK  [0m] Started Create list of required sta...ce nodes for the current kernel.
[[0;32m  OK  [0m] Started Load Kernel Modules.
[[0;32m  OK  [0m] Started Set console keymap.
[[0;32m  OK  [0m] Started Nameserver information manager.
[[0;32m  OK  [0m] Started LVM2 metadata daemon.
         Mounting FUSE Control File System...
         Starting Apply Kernel Variables...
         Starting Create Static Device Nodes in /dev...
         Starting udev Coldplug all Devices...
         Starting Load/Save Random Seed...
         Starting Flush Journal to Persistent Storage...
[[0;32m  OK  [0m] Mounted FUSE Control File System.
[[0;32m  OK  [0m] Started Monitoring of LVM2 mirrors,...ng dmeventd or progress polling.
[[0;32m  OK  [0m] Started Apply Kernel Variables.
[[0;32m  OK  [0m] Started Create Static Device Nodes in /dev.
[[0;32m  OK  [0m] Started Load/Save Random Seed.
[[0;32m  OK  [0m] Started udev Coldplug all Devices.
[[0;32m  OK  [0m] Started Flush Journal to Persistent Storage.
         Starting udev Kernel Device Manager...
[[0;32m  OK  [0m] Started udev Kernel Device Manager.
[[0;32m  OK  [0m] Started Dispatch Password Requests to Console Directory Watch.
[[0;32m  OK  [0m] Reached target Local File Systems (Pre).
[[0;32m  OK  [0m] Reached target Local File Systems.
         Starting Commit a transient machine-id on disk...
         Starting LSB: AppArmor initialization...
         Starting Set console font and keymap...
         Starting Initial cloud-init job (pre-networking)...
         Starting Create Volatile Files and Directories...
         Starting Tell Plymouth To Write Out Runtime Data...
[[0;32m  OK  [0m] Started Commit a transient machine-id on disk.
[[0;32m  OK  [0m] Started Create Volatile Files and Directories.
[[0;32m  OK  [0m] Started Tell Plymouth To Write Out Runtime Data.
[[0;32m  OK  [0m] Found device /dev/ttyS0.
[[0;32m  OK  [0m] Listening on Load/Save RF Kill Switch Status /dev/rfkill Watch.
         Starting Update UTMP about System Boot/Shutdown...
[[0;32m  OK  [0m] Started Update UTMP about System Boot/Shutdown.
[[0;32m  OK  [0m] Started Set console font and keymap.
[[0;32m  OK  [0m] Created slice system-getty.slice.
[   17.190873] cloud-init[621]: Cloud-init v. 18.3-9-g2e62cb8a-0ubuntu1~16.04.2 running 'init-local' at Thu, 11 Oct 2018 19:51:57 +0000. Up 16.85 seconds.
[[0;32m  OK  [0m] Started Initial cloud-init job (pre-networking).
[[0;32m  OK  [0m] Reached target Network (Pre).
[[0;32m  OK  [0m] Started LSB: AppArmor initialization.
         Starting Raise network interfaces...
[[0;32m  OK  [0m] Started Raise network interfaces.
[[0;32m  OK  [0m] Reached target Network.
         Starting Initial cloud-init job (metadata service crawler)...
[   21.583940] cloud-init[947]: Cloud-init v. 18.3-9-g2e62cb8a-0ubuntu1~16.04.2 running 'init' at Thu, 11 Oct 2018 19:52:01 +0000. Up 21.10 seconds.
[   21.592615] cloud-init[947]: ci-info: ++++++++++++++++++++++++++++++++++++++Net device info+++++++++++++++++++++++++++++++++++++++
[[0;32m  OK  [0m[   21.644276] cloud-init[947]: ci-info: +--------+-------+----------------------------+---------------+--------+-------------------+
[   21.647413] cloud-init] Started Initial cloud-init job (metadata service crawler).
[[0;32m  OK  [0m] Reached target System Initialization.[947]: ci-info: | Device |   Up  |          Address           |      Mask     | Scope  |     Hw-Address    |
[   21.653064] cloud-init[947]: ci-info: +--------+-------+----------------------------+---------------+--------+-------------------+
[   21.653119] cloud-init[947]: ci-info: | enp0s3 |  True |         10.0.2.15          | 255.255.255.0 | global | 02:f9:a5:f1:f1:2b |
[   21.653149] cloud-init[947]: ci-info: | enp0s3 |  True | fe80::f9:a5ff:fef1:f12b/64 |       .       |  link  | 02:f9:a5:f1:f1:2b |
[   21.653196] cloud-init[947]: ci-info: | enp0s8 | False |             .              |       .       |   .    | 08:00:27:10:4c:79 |
[   21.653242] cloud-init[947]: ci-info: |   lo   |  True |         127.0.0.1          |   255.0.0.0   |  host  |         .         |
[   21.653275] cloud-init[947]: ci-info: |   lo   |  True |          ::1/128           |       .       |  host  |         .         |
[   21.653321] cloud-init[947]: ci-info: +--------+-------+----------------------------+---------------+--------+-------------------+
[   21.653347] cloud-init[947]: ci-info: +++++++++++++++++++++++++++Route IPv4 info++++++++++++++++++++++++++++
[   21.653399] cloud-init[947]: ci-info: +-------+-------------+----------+---------------+-----------+-------+
[   21.653441] cloud-init[947]: ci-info: | Route | Destination | Gateway  |    Genmask    | Interface | Flags |
[   21.653471] cloud-init[947]: ci-info: +-------+-------------+----------+---------------+-----------+-------+
[   21.653519] cloud-init[947]: ci-info: |   0   |   0.0.0.0   | 10.0.2.2 |    0.0.0.0    |   enp0s3  |   UG  |
[   21.653548] cloud-init[947]: ci-info: |   1   |   10.0.2.0  | 0.0.0.0  | 255.255.255.0 |   enp0s3  |   U   |
[   21.653593] cloud-init[947]: ci-info: +-------+-------------+----------+---------------+-----------+-------+
[   21.653637] cloud-init[947]: ci-info: +++++++++++++++++++Route IPv6 info+++++++++++++++++++
[   21.653667] cloud-init[947]: ci-info: +-------+-------------+---------+-----------+-------+
[   21.653712] cloud-init[947]: ci-info: | Route | Destination | Gateway | Interface | Flags |
[   21.653740] cloud-init[947]: ci-info: +-------+-------------+---------+-----------+-------+
[   21.653788] cloud-init[947]: ci-info: |   0   |  fe80::/64  |    ::   |   enp0s3  |   U   |
[   21.653843] cloud-init[947]: ci-info: |   4   |   ff00::/8  |    ::   |   enp0s3  |   U   |
[   21.653873] cloud-init[947]: ci-info: +-------+-------------+---------+-----------+-------+
[   21.653899] cloud-init[947]: Generating public/private rsa key pair.
[   21.653947] cloud-init[947]: Your identification has been saved in /etc/ssh/ssh_host_rsa_key.
[   21.653975] cloud-init[947]: Your public key has been saved in /etc/ssh/ssh_host_rsa_key.pub.
[   21.654025] cloud-init[947]: The key fingerprint is:
[   21.654754] cloud-init[947]: SHA256:ubNQ5NFJWrGAirmU11tc2+HghqFHlr8yayClJWSSZ+k root@ubuntu-xenial
[   21.654801] cloud-init[947]: The key's randomart image is:
[   21.654854] cloud-init[947]: +---[RSA 2048]----+
[   21.654899] cloud-init[947]: |   . . ...+.     |
[   21.654929] cloud-init[947]: |  o * . =*oo.    |
[   21.654976] cloud-init[947]: |   @ o =+*+= .   |
[   21.655003] cloud-init[947]: |  = E =o=o= o    |
[   21.655048] cloud-init[947]: | . o = +S. .     |
[   21.655099] cloud-init[947]: |  . o o.o..      |
[   21.655147] cloud-init[947]: |     ...o+       |
[   21.655192] cloud-init[947]: |       .oo       |
[   21.655218] cloud-init[947]: |       ..        |
[   21.655244] cloud-init[947]: +----[SHA256]-----+
[   21.655295] cloud-init[947]: Generating public/private dsa key pair.
[   21.655432] cloud-init[947]: Your identification has been saved in /etc/ssh/ssh_host_dsa_key.
[   21.655494] cloud-init[947]: Your public key has been saved in /etc/ssh/ssh_host_dsa_key.pub.
[   21.655528] cloud-init[947]: The key fingerprint is:
[   21.655582] cloud-init[947]: SHA256:HHIyPHZTqXIFdDjGtDiMiWthyJv64RIFie1iC8Wtzw4 root@ubuntu-xenial
[   21.655610] cloud-init[947]: The key's randomart image is:
[   21.655655] cloud-init[947]: +---[DSA 1024]----+
[   21.655713] 
[[0;32m  OK  [0m] Listening on ACPID Listen Socket.
[[0;32m  OK  [0m] Started Daily Cleanup of Temporary Directories.
[[0;32m  OK  [0m] Listening on UUID daemon activation socket.
[[0;32m  OK  [0m] Started Daily apt download activities.
[[0;32m  OK  [0m] Listening on D-Bus System Message Bus Socket.
cloud-init[947]: |.+ .   ++oo.     |
[   21.799648] cloud-init[947]: |=.+..= .=+o      |
[   21.808608] cloud-init[947]: |.=+.o @.*+       |
[   21.836541] cloud-init[947]: |oo*o ..Xoo       |
[[0;32m  OK  [0m] Started ACPI Events Check.
[[0;32m  OK  [0m] Reached target Paths.
[   21.843388] cloud-init[947]: |o=+o   oS        |
[   21.846209] cloud-init[947]: |ooE o            |         Starting LXD - unix socket.
[[0;32m  OK  [0m] Started Daily apt upgrade and clean activities.
[[0;32m  OK  [0m] 
[   21.852335] cloud-init[947]: |...o             |
[   21.853952] cloud-init[947]: |.o ..            |
[   21.855655] Reached target Timers.
         Starting Socket activation for snappy daemon.
[[0;32m  OK  [0m] Reached target Cloud-config availability.
[[0;32m  OK  [0m] Reached target Network is Online.
         Starting iSCSI initiator daemon (iscsid)...
cloud-init[947]: | .o              |
[   21.865352] cloud-init[947]: +----[SHA256]-----+
[[0;32m  OK  [0m] Listening on LXD - unix socket.
[[0;32m  OK  [0m] Listening on Socket activation for snappy daemon.[   21.869935] cloud-init[947]: Generating public/private ecdsa key pair.
[   21.874265] cloud-init[947]: Your identification has been saved in /etc/ssh/ssh_host_ecdsa_key.
[   21.874328] cloud-init[947]: Your public key has been saved in /etc/ssh/ssh_host_ecdsa_key.pub.
[   21.874377] cloud-init[947]: The key fingerprint is:
[   21.874433] cloud-init[947]: SHA256:kAnv9/46l7dvyxQ5vFKclGKH6r/MGxe54/V7Gn0njLw root@ubuntu-xenial
[   21.874470] cloud-init[947]: The key's randomart image is:

[   21.878313] cloud-init[947]: +---[ECDSA 256]---+
[   21.892530] cloud-init[947]: |    .            |
[[0;32m  OK  [0m[   21.896666] cloud-init] Reached target Sockets.
[[0;32m  OK  [0m[947]: |     o o      . .|] Reached target Basic System.
         
[   21.905303] cloud-init[947]: |      =      + + |
[   21.905336] cloud-init[947]: |     . .    o * +|
[   21.905362] cloud-init[947]: |      . S  .   @ |
[   21.905387] cloud-init[947]: |       . ... o..*|
[   21.905412] cloud-init[947]: |          ..o++*=|
[   21.905437] cloud-init[947]: |         .. *.OoO|
[   21.905461] cloud-init[947]: |          o=EB=X*|
[   21.905485] cloud-init[947]: +----[SHA256]-----+
[   21.905510] cloud-init[947]: Generating public/private ed25519 key pair.
[   21.905535] cloud-init[947]: Your identification has been saved in /etc/ssh/ssh_host_ed25519_key.
[   21.905564] cloud-init[947]: Your public key has been saved in /etc/ssh/ssh_host_ed25519_key.pub.
[   21.905589] cloud-init[947]: The key fingerprint is:
[   21.905614] cloud-init[947]: SHA256:qDgeg5wlRdZolKtWJPx3iDozyd2mdCFGL7jJGIi3BII root@ubuntu-xenial
[   21.905639] cloud-init[947]: The key's randomart image is:
[   21.905665] cloud-init[947]: +--[ED25519 256]--+
[   21.905689] cloud-init[947]: |o .++            |
[   21.905713] cloud-init[947]: |Eoo* .           |
[   21.905949] cloud-init[947]: |+.B.+ .          |
[   21.905982] cloud-init[947]: |+.+O = o         |
[   21.906006] cloud-init[947]: |+=Xo= + S        |
[   21.906031] cloud-init[947]: |o#=+ =           |
[   21.906057] cloud-init[947]: |ooX =            |
[   21.906082] cloud-init[947]: | . =             |
[   21.906109] cloud-init[947]: |  .              |
[   21.906133] cloud-init[947]: +----[SHA256]-----+
Starting /etc/rc.local Compatibility...
[[0;32m  OK  [0m] Started Unattended Upgrades Shutdown.
         Starting Pollinate to seed the pseudo random number generator...
[[0;32m  OK  [0m] Started Regular background program processing daemon.
         Starting LSB: MD monitoring daemon...
[[0;32m  OK  [0m] Started D-Bus System Message Bus.
         Starting Virtualbox guest utils...
         Starting Login Service...
         Starting System Logging Service...
[[0;32m  OK  [0m] Started FUSE filesystem for LXC.
         Starting LXD - container startup/shutdown...
         Starting LSB: Record successful boot for GRUB...
[[0;32m  OK  [0m] Started Deferred execution scheduler.
         Starting Snappy daemon...
[[0;32m  OK  [0m] Started ACPI event daemon.
         Starting Accounts Service...
[[0;32m  OK  [0m] Started System Logging Service.
[[0;32m  OK  [0m] Started iSCSI initiator daemon (iscsid).
[[0;32m  OK  [0m] Started /etc/rc.local Compatibility.
[[0;32m  OK  [0m] Started LXD - container startup/shutdown.
[[0;32m  OK  [0m] Started LSB: MD monitoring daemon.
[[0;32m  OK  [0m] Started Login Service.
         Starting Authenticate and Authorize Users to Run Privileged Tasks...
         Starting Login to default iSCSI targets...
[[0;32m  OK  [0m] Started LSB: Record successful boot for GRUB.
[[0;32m  OK  [0m] Started Authenticate and Authorize Users to Run Privileged Tasks.
[[0;32m  OK  [0m] Started Accounts Service.
[[0;32m  OK  [0m] Started Snappy daemon.
[[0;32m  OK  [0m] Started Login to default iSCSI targets.
[[0;32m  OK  [0m] Reached target Remote File Systems (Pre).
[[0;32m  OK  [0m] Reached target Remote File Systems.
         Starting LSB: automatic crash report generation...
         Starting LSB: Set the CPU Frequency Scaling governor to "ondemand"...
         Starting Permit User Sessions...
         Starting LSB: daemon to balance interrupts for SMP systems...
         Starting Wait until snapd is fully seeded...
[[0;32m  OK  [0m] Started Virtualbox guest utils.
[[0;32m  OK  [0m] Started Permit User Sessions.
[[0;32m  OK  [0m] Started LSB: Set the CPU Frequency Scaling governor to "ondemand".
[[0;32m  OK  [0m] Started LSB: automatic crash report generation.
         Starting Hold until boot process finishes up...
         Starting Terminate Plymouth Boot Screen...
[[0;32m  OK  [0m] Started Hold until boot process finishes up.
[[0;32m  OK  [0m] Started Terminate Plymouth Boot Screen.
[[0;32m  OK  [0m] Started LSB: daemon to balance interrupts for SMP systems.
[[0;32m  OK  [0m] Started Pollinate to seed the pseudo random number generator.
         Starting OpenBSD Secure Shell server...
[[0;32m  OK  [0m] Started Getty on tty1.
[[0;32m  OK  [0m] Started Serial Getty on ttyS0.
[[0;32m  OK  [0m] Reached target Login Prompts.
         Starting Set console scheme...
[[0;32m  OK  [0m] Started OpenBSD Secure Shell server.
[[0;32m  OK  [0m] Started Set console scheme.
[[0;32m  OK  [0m] Created slice User Slice of vagrant.
         Starting User Manager for UID 1000...
[[0;32m  OK  [0m] Started User Manager for UID 1000.
[[0;32m  OK  [0m] Started Session 1 of user vagrant.
         Stopping User Manager for UID 1000...
[[0;32m  OK  [0m] Stopped User Manager for UID 1000.
[[0;32m  OK  [0m] Removed slice User Slice of vagrant.
[[0;32m  OK  [0m] Created slice User Slice of vagrant.
         Starting User Manager for UID 1000...
[[0;32m  OK  [0m] Started Session 2 of user vagrant.
[[0;32m  OK  [0m] Started User Manager for UID 1000.
[[0;32m  OK  [0m] Started Wait until snapd is fully seeded.
         Starting Apply the settings specified in cloud-config...
[[0;32m  OK  [0m] Reached target Multi-User System.
[[0;32m  OK  [0m] Reached target Graphical Interface.
         Starting Update UTMP about System Runlevel Changes...
[[0;32m  OK  [0m] Started Update UTMP about System Runlevel Changes.
[   24.948201] cloud-init[1494]: Generating locales (this might take a while)...
[   25.499145] cloud-init[1494]:   en_US.UTF-8... done
[   25.516831] cloud-init[1494]: Generation complete.
[   25.717241] cloud-init[1494]: Cloud-init v. 18.3-9-g2e62cb8a-0ubuntu1~16.04.2 running 'modules:config' at Thu, 11 Oct 2018 19:52:05 +0000. Up 24.85 seconds.
[[0;32m  OK  [0m] Started Apply the settings specified in cloud-config.
         Starting Execute cloud user/final scripts...
ci-info: no authorized ssh keys fingerprints found for user ubuntu.
<14>Oct 11 19:52:06 ec2: 
<14>Oct 11 19:52:06 ec2: #############################################################
<14>Oct 11 19:52:06 ec2: -----BEGIN SSH HOST KEY FINGERPRINTS-----
<14>Oct 11 19:52:06 ec2: 1024 SHA256:HHIyPHZTqXIFdDjGtDiMiWthyJv64RIFie1iC8Wtzw4 root@ubuntu-xenial (DSA)
<14>Oct 11 19:52:06 ec2: 256 SHA256:kAnv9/46l7dvyxQ5vFKclGKH6r/MGxe54/V7Gn0njLw root@ubuntu-xenial (ECDSA)
<14>Oct 11 19:52:06 ec2: 256 SHA256:qDgeg5wlRdZolKtWJPx3iDozyd2mdCFGL7jJGIi3BII root@ubuntu-xenial (ED25519)
<14>Oct 11 19:52:06 ec2: 2048 SHA256:ubNQ5NFJWrGAirmU11tc2+HghqFHlr8yayClJWSSZ+k root@ubuntu-xenial (RSA)
<14>Oct 11 19:52:06 ec2: -----END SSH HOST KEY FINGERPRINTS-----
<14>Oct 11 19:52:06 ec2: #############################################################
-----BEGIN SSH HOST KEY KEYS-----
ecdsa-sha2-nistp256 AAAAE2VjZHNhLXNoYTItbmlzdHAyNTYAAAAIbmlzdHAyNTYAAABBBGCYF/Y5QroXL1ZQqPyHavwjDK9OBZzNV89EE80fK3Fu5BvjpEVrdB7oN3H52LCKXLX9xZB5se/n2nL5eEERzCY= root@ubuntu-xenial
ssh-ed25519 AAAAC3NzaC1lZDI1NTE5AAAAIKya9ZASwom5HnVwrIGo0yQjwMhvAwxnVA+TJozGqEVU root@ubuntu-xenial
ssh-rsa AAAAB3NzaC1yc2EAAAADAQABAAABAQDJc35gVL5vpr2XBsbO53Cn8UvkxJs7sO+utFjD5Ng8s7QFZSgXRGPT4XgNdHfgzDP7ujwgl7cL2ay/zSqcIIo7lqnyR3OqcEp1Tk4bCoeOHOoLLjaGbKT2NXfRB450bSkNIz38W1Zx2Eaiu60eElIKvS9lrGimy6oVx3AzrMXuQujriLd9tPLF71s42JHtsGWM0DvmofmxP/iEjZgnfHenlCHuhxUGEXwWx+aGIecmJ2ELtBYkCgUI/qPtCV64SABDaOgSwK7RQQDxjPcf1sIuNa1cUTJ94iKcT+DSi9pZFxwXfPjQSBT6aw5JmxJ9Q2n1Ne9nDb1wOHwD1fuj3YQP root@ubuntu-xenial
-----END SSH HOST KEY KEYS-----
[   26.303531] cloud-init[1580]: Cloud-init v. 18.3-9-g2e62cb8a-0ubuntu1~16.04.2 running 'modules:final' at Thu, 11 Oct 2018 19:52:06 +0000. Up 26.12 seconds.
[   26.392374] cloud-init[1580]: ci-info: no authorized ssh keys fingerprints found for user ubuntu.
[   26.452437] cloud-init[1580]: Cloud-init v. 18.3-9-g2e62cb8a-0ubuntu1~16.04.2 finished at Thu, 11 Oct 2018 19:52:07 +0000. Datasource DataSourceNoCloud [seed=/dev/sdb][dsmode=net].  Up 26.29 seconds
[[0;32m  OK  [0m] Started Execute cloud user/final scripts.
[[0;32m  OK  [0m] Reached target Cloud-init target.

Ubuntu 16.04.5 LTS ubuntu-xenial ttyS0

ubuntu-xenial login:          Stopping User Manager for UID 10         Stopping D-Bus System Message Bus...
         Stopping LSB: MD monitoring daemon...
         Stopping Regular background program processing daemon...
[[0;32m  OK  [0m] Unmounted /var/lib/lxcfs.
[[0;32m  OK  [0m] Stopped Regular background program processing daemon.
[[0;32m  OK  [0m] Stopped System Logging Service.
[[0;32m  OK  [0m] Stopped Deferred execution scheduler.
[[0;32m  OK  [0m] Stopped Snappy daemon.
[[0;32m  OK  [0m] Stopped ACPI event daemon.
[[0;32m  OK  [0m] Stopped Accounts Service.
[[0;32m  OK  [0m] Stopped Authenticate and Authorize Users to Run Privileged Tasks.
[[0;32m  OK  [0m] Stopped OpenBSD Secure Shell server.
[[0;32m  OK  [0m] Stopped Getty on tty1.
[[0;32m  OK  [0m] Stopped Serial Getty on ttyS0.
[[0;32m  OK  [0m] Stopped User Manager for UID 1000.
[[0;32m  OK  [0m] Stopped Session 9 of user vagrant.
[[0;32m  OK  [0m] Stopped Unattended Upgrades Shutdown.
[[0;32m  OK  [0m] Stopped D-Bus System Message Bus.
[[0;32m  OK  [0m] Stopped FUSE filesystem for LXC.
[[0;32m  OK  [0m] Stopped LXD - container startup/shutdown.
[[0;32m  OK  [0m] Stopped LSB: Record successful boot for GRUB.
[[0;32m  OK  [0m] Stopped LSB: automatic crash report generation.
[[0;32m  OK  [0m] Stopped LSB: daemon to balance interrupts for SMP systems.
[[0;32m  OK  [0m] Stopped LSB: MD monitoring daemon.
[[0;32m  OK  [0m] Stopped LSB: Set the CPU Frequency Scaling governor to "ondemand".
[[0;32m  OK  [0m] Stopped Virtualbox guest utils.
[[0;32m  OK  [0m] Removed slice User Slice of vagrant.
         Stopping Login Service...
[[0;32m  OK  [0m] Removed slice system-serial\x2dgetty.slice.
[[0;32m  OK  [0m] Stopped /etc/rc.local Compatibility.
         Stopping Permit User Sessions...
[[0;32m  OK  [0m] Removed slice system-getty.slice.
[[0;32m  OK  [0m] Stopped Login Service.
[[0;32m  OK  [0m] Stopped Permit User Sessions.
[[0;32m  OK  [0m] Stopped target Remote File Systems.
[[0;32m  OK  [0m] Stopped target Remote File Systems (Pre).
         Stopping Login to default iSCSI targets...
[[0;32m  OK  [0m] Stopped target User and Group Name Lookups.
[[0;32m  OK  [0m] Stopped target Basic System.
[[0;32m  OK  [0m] Stopped target Sockets.
[[0;32m  OK  [0m] Closed Socket activation for snappy daemon.
[[0;32m  OK  [0m] Closed ACPID Listen Socket.
[[0;32m  OK  [0m] Closed D-Bus System Message Bus Socket.
[[0;32m  OK  [0m] Closed LXD - unix socket.
[[0;32m  OK  [0m] Closed Syslog Socket.
[[0;32m  OK  [0m] Closed UUID daemon activation socket.
[[0;32m  OK  [0m] Stopped target Slices.
[[0;32m  OK  [0m] Stopped target Paths.
[[0;32m  OK  [0m] Stopped ACPI Events Check.
[[0;32m  OK  [0m] Stopped Forward Password Requests to Wall Directory Watch.
[[0;32m  OK  [0m] Stopped Dispatch Password Requests to Console Directory Watch.
[[0;32m  OK  [0m] Removed slice User and Session Slice.
[[0;32m  OK  [0m] Stopped target System Initialization.
         Stopping Load/Save Random Seed...
[[0;32m  OK  [0m] Stopped target Encrypted Volumes.
[[0;32m  OK  [0m] Stopped Commit a transient machine-id on disk.
         Stopping Update UTMP about System Boot/Shutdown...
[[0;32m  OK  [0m] Stopped target Swap.
[[0;32m  OK  [0m] Stopped Load/Save Random Seed.
[[0;32m  OK  [0m] Stopped Login to default iSCSI targets.
[[0;32m  OK  [0m] Stopped Update UTMP about System Boot/Shutdown.
[[0;32m  OK  [0m] Stopped Create Volatile Files and Directories.
         Stopping iSCSI initiator daemon (iscsid)...
[[0;32m  OK  [0m] Stopped iSCSI initiator daemon (iscsid).
[[0;32m  OK  [0m] Stopped target Network is Online.
[[0;32m  OK  [0m] Stopped Initial cloud-init job (metadata service crawler).
[[0;32m  OK  [0m] Stopped target Network.
         Stopping Raise network interfaces...
[[0;32m  OK  [0m] Stopped Raise network interfaces.
[[0;32m  OK  [0m] Stopped target Network (Pre).
[[0;32m  OK  [0m] Stopped Initial cloud-init job (pre-networking).
[[0;32m  OK  [0m] Stopped target Local File Systems.
         Unmounting /run/user/1000...
         Unmounting /vagrant...
[[0;32m  OK  [0m] Stopped Apply Kernel Variables.
[[0;32m  OK  [0m] Stopped Load Kernel Modules.
[[0;32m  OK  [0m] Unmounted /run/user/1000.
[[0;32m  OK  [0m] Unmounted /vagrant.
[[0;32m  OK  [0m] Reached target Unmount All Filesystems.
[[0;32m  OK  [0m] Stopped target Local File Systems (Pre).
[[0;32m  OK  [0m] Stopped Create Static Device Nodes in /dev.
[[0;32m  OK  [0m] Stopped Remount Root and Kernel File Systems.
[[0;32m  OK  [0m] Reached target Shutdown.
[15177.325366] reboot: Power down
